This file contains any messages produced by compilers while
running configure, to aid debugging if configure makes a mistake.

It was created by libnl configure 3.2.25, which was
generated by GNU Autoconf 2.69.  Invocation command line was

  $ ./configure 

## --------- ##
## Platform. ##
## --------- ##

hostname = sqsq-virtual-machine
uname -m = x86_64
uname -r = 5.15.132-sqsq
uname -s = Linux
uname -v = #19 SMP Tue Dec 19 09:15:48 CST 2023

/usr/bin/uname -p = x86_64
/bin/uname -X     = unknown

/bin/arch              = x86_64
/usr/bin/arch -k       = unknown
/usr/convex/getsysinfo = unknown
/usr/bin/hostinfo      = unknown
/bin/machine           = unknown
/usr/bin/oslevel       = unknown
/bin/universe          = unknown

PATH: /home/sqsq/bin
PATH: /home/sqsq/.local/bin
PATH: /home/sqsq/.local/bin
PATH: /usr/local/sbin
PATH: /usr/local/bin
PATH: /usr/sbin
PATH: /usr/bin
PATH: /sbin
PATH: /bin
PATH: /usr/games
PATH: /usr/local/games
PATH: /snap/bin
PATH: /home/sqsq/omnetpp-6.0/bin


## ----------- ##
## Core tests. ##
## ----------- ##

configure:2202: checking for a BSD-compatible install
configure:2270: result: /usr/bin/install -c
configure:2281: checking whether build environment is sane
configure:2336: result: yes
configure:2485: checking for a thread-safe mkdir -p
configure:2524: result: /usr/bin/mkdir -p
configure:2531: checking for gawk
configure:2561: result: no
configure:2531: checking for mawk
configure:2547: found /usr/bin/mawk
configure:2558: result: mawk
configure:2569: checking whether make sets $(MAKE)
configure:2591: result: yes
configure:2620: checking whether make supports nested variables
configure:2637: result: yes
configure:2732: checking whether make supports nested variables
configure:2749: result: yes
configure:2772: checking for style of include used by make
configure:2800: result: GNU
configure:2871: checking for gcc
configure:2887: found /usr/bin/gcc
configure:2898: result: gcc
configure:3127: checking for C compiler version
configure:3136: gcc --version >&5
gcc (Ubuntu 9.4.0-1ubuntu1~20.04.2) 9.4.0
Copyright (C) 2019 Free Software Foundation, Inc.
This is free software; see the source for copying conditions.  There is NO
warranty; not even for MERCHANTABILITY or FITNESS FOR A PARTICULAR PURPOSE.

configure:3147: $? = 0
configure:3136: gcc -v >&5
Using built-in specs.
COLLECT_GCC=gcc
COLLECT_LTO_WRAPPER=/usr/lib/gcc/x86_64-linux-gnu/9/lto-wrapper
OFFLOAD_TARGET_NAMES=nvptx-none:hsa
OFFLOAD_TARGET_DEFAULT=1
Target: x86_64-linux-gnu
Configured with: ../src/configure -v --with-pkgversion='Ubuntu 9.4.0-1ubuntu1~20.04.2' --with-bugurl=file:///usr/share/doc/gcc-9/README.Bugs --enable-languages=c,ada,c++,go,brig,d,fortran,objc,obj-c++,gm2 --prefix=/usr --with-gcc-major-version-only --program-suffix=-9 --program-prefix=x86_64-linux-gnu- --enable-shared --enable-linker-build-id --libexecdir=/usr/lib --without-included-gettext --enable-threads=posix --libdir=/usr/lib --enable-nls --enable-clocale=gnu --enable-libstdcxx-debug --enable-libstdcxx-time=yes --with-default-libstdcxx-abi=new --enable-gnu-unique-object --disable-vtable-verify --enable-plugin --enable-default-pie --with-system-zlib --with-target-system-zlib=auto --enable-objc-gc=auto --enable-multiarch --disable-werror --with-arch-32=i686 --with-abi=m64 --with-multilib-list=m32,m64,mx32 --enable-multilib --with-tune=generic --enable-offload-targets=nvptx-none=/build/gcc-9-9QDOt0/gcc-9-9.4.0/debian/tmp-nvptx/usr,hsa --without-cuda-driver --enable-checking=release --build=x86_64-linux-gnu --host=x86_64-linux-gnu --target=x86_64-linux-gnu
Thread model: posix
gcc version 9.4.0 (Ubuntu 9.4.0-1ubuntu1~20.04.2) 
configure:3147: $? = 0
configure:3136: gcc -V >&5
gcc: error: unrecognized command line option '-V'
gcc: fatal error: no input files
compilation terminated.
configure:3147: $? = 1
configure:3136: gcc -qversion >&5
gcc: error: unrecognized command line option '-qversion'; did you mean '--version'?
gcc: fatal error: no input files
compilation terminated.
configure:3147: $? = 1
configure:3167: checking whether the C compiler works
configure:3189: gcc    conftest.c  >&5
configure:3193: $? = 0
configure:3241: result: yes
configure:3244: checking for C compiler default output file name
configure:3246: result: a.out
configure:3252: checking for suffix of executables
configure:3259: gcc -o conftest    conftest.c  >&5
configure:3263: $? = 0
configure:3285: result: 
configure:3307: checking whether we are cross compiling
configure:3315: gcc -o conftest    conftest.c  >&5
configure:3319: $? = 0
configure:3326: ./conftest
configure:3330: $? = 0
configure:3318: result: no
configure:3323: checking for suffix of object files
configure:3345: gcc -c   conftest.c >&5
configure:3349: $? = 0
configure:3370: result: o
configure:3374: checking whether we are using the GNU C compiler
configure:3393: gcc -c   conftest.c >&5
configure:3393: $? = 0
configure:3402: result: yes
configure:3411: checking whether gcc accepts -g
configure:3431: gcc -c -g  conftest.c >&5
configure:3431: $? = 0
configure:3472: result: yes
configure:3489: checking for gcc option to accept ISO C89
configure:3552: gcc  -c -g -O2  conftest.c >&5
configure:3552: $? = 0
configure:3565: result: none needed
configure:3587: checking dependency style of gcc
configure:3698: result: gcc3
configure:3763: checking for ar
configure:3779: found /usr/bin/ar
configure:3790: result: ar
configure:3816: checking the archiver (ar) interface
configure:3826: gcc -c -g -O2  conftest.c >&5
configure:3826: $? = 0
configure:3828: ar cru libconftest.a conftest.o >&5
ar: `u' modifier ignored since `D' is the default (see `U')
configure:3831: $? = 0
configure:3830: result: ar
configure:3917: checking for gcc
configure:3944: result: gcc
configure:4173: checking for C compiler version
configure:4182: gcc --version >&5
gcc (Ubuntu 9.4.0-1ubuntu1~20.04.2) 9.4.0
Copyright (C) 2019 Free Software Foundation, Inc.
This is free software; see the source for copying conditions.  There is NO
warranty; not even for MERCHANTABILITY or FITNESS FOR A PARTICULAR PURPOSE.

configure:4193: $? = 0
configure:4182: gcc -v >&5
Using built-in specs.
COLLECT_GCC=gcc
COLLECT_LTO_WRAPPER=/usr/lib/gcc/x86_64-linux-gnu/9/lto-wrapper
OFFLOAD_TARGET_NAMES=nvptx-none:hsa
OFFLOAD_TARGET_DEFAULT=1
Target: x86_64-linux-gnu
Configured with: ../src/configure -v --with-pkgversion='Ubuntu 9.4.0-1ubuntu1~20.04.2' --with-bugurl=file:///usr/share/doc/gcc-9/README.Bugs --enable-languages=c,ada,c++,go,brig,d,fortran,objc,obj-c++,gm2 --prefix=/usr --with-gcc-major-version-only --program-suffix=-9 --program-prefix=x86_64-linux-gnu- --enable-shared --enable-linker-build-id --libexecdir=/usr/lib --without-included-gettext --enable-threads=posix --libdir=/usr/lib --enable-nls --enable-clocale=gnu --enable-libstdcxx-debug --enable-libstdcxx-time=yes --with-default-libstdcxx-abi=new --enable-gnu-unique-object --disable-vtable-verify --enable-plugin --enable-default-pie --with-system-zlib --with-target-system-zlib=auto --enable-objc-gc=auto --enable-multiarch --disable-werror --with-arch-32=i686 --with-abi=m64 --with-multilib-list=m32,m64,mx32 --enable-multilib --with-tune=generic --enable-offload-targets=nvptx-none=/build/gcc-9-9QDOt0/gcc-9-9.4.0/debian/tmp-nvptx/usr,hsa --without-cuda-driver --enable-checking=release --build=x86_64-linux-gnu --host=x86_64-linux-gnu --target=x86_64-linux-gnu
Thread model: posix
gcc version 9.4.0 (Ubuntu 9.4.0-1ubuntu1~20.04.2) 
configure:4193: $? = 0
configure:4182: gcc -V >&5
gcc: error: unrecognized command line option '-V'
gcc: fatal error: no input files
compilation terminated.
configure:4193: $? = 1
configure:4182: gcc -qversion >&5
gcc: error: unrecognized command line option '-qversion'; did you mean '--version'?
gcc: fatal error: no input files
compilation terminated.
configure:4193: $? = 1
configure:4197: checking whether we are using the GNU C compiler
configure:4225: result: yes
configure:4234: checking whether gcc accepts -g
configure:4295: result: yes
configure:4312: checking for gcc option to accept ISO C89
configure:4388: result: none needed
configure:4410: checking dependency style of gcc
configure:4521: result: gcc3
configure:4537: checking whether gcc and cc understand -c and -o together
configure:4568: gcc -c conftest.c -o conftest2.o >&5
configure:4572: $? = 0
configure:4578: gcc -c conftest.c -o conftest2.o >&5
configure:4582: $? = 0
configure:4593: cc -c conftest.c >&5
configure:4597: $? = 0
configure:4605: cc -c conftest.c -o conftest2.o >&5
configure:4609: $? = 0
configure:4615: cc -c conftest.c -o conftest2.o >&5
configure:4619: $? = 0
configure:4637: result: yes
configure:4692: checking build system type
configure:4706: result: x86_64-unknown-linux-gnu
configure:4726: checking host system type
configure:4739: result: x86_64-unknown-linux-gnu
configure:4780: checking how to print strings
configure:4807: result: printf
configure:4828: checking for a sed that does not truncate output
configure:4892: result: /usr/bin/sed
configure:4910: checking for grep that handles long lines and -e
configure:4968: result: /usr/bin/grep
configure:4973: checking for egrep
configure:5035: result: /usr/bin/grep -E
configure:5040: checking for fgrep
configure:5102: result: /usr/bin/grep -F
configure:5137: checking for ld used by gcc
configure:5204: result: /usr/bin/ld
configure:5211: checking if the linker (/usr/bin/ld) is GNU ld
configure:5226: result: yes
configure:5238: checking for BSD- or MS-compatible name lister (nm)
configure:5287: result: /usr/bin/nm -B
configure:5417: checking the name lister (/usr/bin/nm -B) interface
configure:5424: gcc -c -g -O2  conftest.c >&5
configure:5427: /usr/bin/nm -B "conftest.o"
configure:5430: output
0000000000000000 B some_variable
configure:5431: result: BSD nm
configure:5434: checking whether ln -s works
configure:5438: result: yes
configure:5446: checking the maximum length of command line arguments
configure:5576: result: 1572864
configure:5593: checking whether the shell understands some XSI constructs
configure:5602: result: yes
configure:5606: checking whether the shell understands "+="
configure:5610: result: yes
configure:5645: checking how to convert x86_64-unknown-linux-gnu file names to x86_64-unknown-linux-gnu format
configure:5685: result: func_convert_file_noop
configure:5692: checking how to convert x86_64-unknown-linux-gnu file names to toolchain format
configure:5712: result: func_convert_file_noop
configure:5719: checking for /usr/bin/ld option to reload object files
configure:5726: result: -r
configure:5800: checking for objdump
configure:5816: found /usr/bin/objdump
configure:5827: result: objdump
configure:5859: checking how to recognize dependent libraries
configure:6061: result: pass_all
configure:6146: checking for dlltool
configure:6176: result: no
configure:6206: checking how to associate runtime and link libraries
configure:6233: result: printf %s\n
configure:6357: checking for archiver @FILE support
configure:6374: gcc -c -g -O2  conftest.c >&5
configure:6374: $? = 0
configure:6377: ar cru libconftest.a @conftest.lst >&5
ar: `u' modifier ignored since `D' is the default (see `U')
configure:6380: $? = 0
configure:6385: ar cru libconftest.a @conftest.lst >&5
ar: `u' modifier ignored since `D' is the default (see `U')
ar: conftest.o: No such file or directory
configure:6388: $? = 1
configure:6387: result: @
configure:6445: checking for strip
configure:6461: found /usr/bin/strip
configure:6472: result: strip
configure:6544: checking for ranlib
configure:6560: found /usr/bin/ranlib
configure:6571: result: ranlib
configure:6673: checking command to parse /usr/bin/nm -B output from gcc object
configure:6793: gcc -c -g -O2  conftest.c >&5
configure:6796: $? = 0
configure:6800: /usr/bin/nm -B conftest.o \| sed -n -e 's/^.*[ ]\([ABCDGIRSTW][ABCDGIRSTW]*\)[ ][ ]*\([_A-Za-z][_A-Za-z0-9]*\)$/\1 \2 \2/p' | sed '/ __gnu_lto/d' \> conftest.nm
configure:6803: $? = 0
configure:6869: gcc -o conftest -g -O2   conftest.c conftstm.o >&5
configure:6872: $? = 0
configure:6910: result: ok
configure:6947: checking for sysroot
configure:6977: result: no
configure:7054: gcc -c -g -O2  conftest.c >&5
configure:7057: $? = 0
configure:7239: checking for mt
configure:7255: found /usr/bin/mt
configure:7266: result: mt
configure:7289: checking if mt is a manifest tool
configure:7295: mt '-?'
configure:7303: result: no
configure:7945: checking how to run the C preprocessor
configure:7976: gcc -E  conftest.c
configure:7976: $? = 0
configure:7990: gcc -E  conftest.c
conftest.c:11:10: fatal error: ac_nonexistent.h: No such file or directory
   11 | #include <ac_nonexistent.h>
      |          ^~~~~~~~~~~~~~~~~~
compilation terminated.
configure:7990: $? = 1
configure: failed program was:
| /* confdefs.h */
| #define PACKAGE_NAME "libnl"
| #define PACKAGE_TARNAME "libnl"
| #define PACKAGE_VERSION "3.2.25"
| #define PACKAGE_STRING "libnl 3.2.25"
| #define PACKAGE_BUGREPORT ""
| #define PACKAGE_URL "http://www.infradead.org/~tgr/libnl/"
| #define PACKAGE "libnl"
| #define VERSION "3.2.25"
| /* end confdefs.h.  */
| #include <ac_nonexistent.h>
configure:8015: result: gcc -E
configure:8035: gcc -E  conftest.c
configure:8035: $? = 0
configure:8049: gcc -E  conftest.c
conftest.c:11:10: fatal error: ac_nonexistent.h: No such file or directory
   11 | #include <ac_nonexistent.h>
      |          ^~~~~~~~~~~~~~~~~~
compilation terminated.
configure:8049: $? = 1
configure: failed program was:
| /* confdefs.h */
| #define PACKAGE_NAME "libnl"
| #define PACKAGE_TARNAME "libnl"
| #define PACKAGE_VERSION "3.2.25"
| #define PACKAGE_STRING "libnl 3.2.25"
| #define PACKAGE_BUGREPORT ""
| #define PACKAGE_URL "http://www.infradead.org/~tgr/libnl/"
| #define PACKAGE "libnl"
| #define VERSION "3.2.25"
| /* end confdefs.h.  */
| #include <ac_nonexistent.h>
configure:8078: checking for ANSI C header files
configure:8098: gcc -c -g -O2  conftest.c >&5
configure:8098: $? = 0
configure:8171: gcc -o conftest -g -O2   conftest.c  >&5
configure:8171: $? = 0
configure:8171: ./conftest
configure:8171: $? = 0
configure:8182: result: yes
configure:8195: checking for sys/types.h
configure:8195: gcc -c -g -O2  conftest.c >&5
configure:8195: $? = 0
configure:8195: result: yes
configure:8195: checking for sys/stat.h
configure:8195: gcc -c -g -O2  conftest.c >&5
configure:8195: $? = 0
configure:8195: result: yes
configure:8195: checking for stdlib.h
configure:8195: gcc -c -g -O2  conftest.c >&5
configure:8195: $? = 0
configure:8195: result: yes
configure:8195: checking for string.h
configure:8195: gcc -c -g -O2  conftest.c >&5
configure:8195: $? = 0
configure:8195: result: yes
configure:8195: checking for memory.h
configure:8195: gcc -c -g -O2  conftest.c >&5
configure:8195: $? = 0
configure:8195: result: yes
configure:8195: checking for strings.h
configure:8195: gcc -c -g -O2  conftest.c >&5
configure:8195: $? = 0
configure:8195: result: yes
configure:8195: checking for inttypes.h
configure:8195: gcc -c -g -O2  conftest.c >&5
configure:8195: $? = 0
configure:8195: result: yes
configure:8195: checking for stdint.h
configure:8195: gcc -c -g -O2  conftest.c >&5
configure:8195: $? = 0
configure:8195: result: yes
configure:8195: checking for unistd.h
configure:8195: gcc -c -g -O2  conftest.c >&5
configure:8195: $? = 0
configure:8195: result: yes
configure:8209: checking for dlfcn.h
configure:8209: gcc -c -g -O2  conftest.c >&5
configure:8209: $? = 0
configure:8209: result: yes
configure:8415: checking for objdir
configure:8430: result: .libs
configure:8701: checking if gcc supports -fno-rtti -fno-exceptions
configure:8719: gcc -c -g -O2  -fno-rtti -fno-exceptions conftest.c >&5
cc1: warning: command line option '-fno-rtti' is valid for C++/D/ObjC++ but not for C
configure:8723: $? = 0
configure:8736: result: no
configure:9063: checking for gcc option to produce PIC
configure:9070: result: -fPIC -DPIC
configure:9078: checking if gcc PIC flag -fPIC -DPIC works
configure:9096: gcc -c -g -O2  -fPIC -DPIC -DPIC conftest.c >&5
configure:9100: $? = 0
configure:9113: result: yes
configure:9142: checking if gcc static flag -static works
configure:9170: result: yes
configure:9185: checking if gcc supports -c -o file.o
configure:9206: gcc -c -g -O2  -o out/conftest2.o conftest.c >&5
configure:9210: $? = 0
configure:9232: result: yes
configure:9240: checking if gcc supports -c -o file.o
configure:9287: result: yes
configure:9320: checking whether the gcc linker (/usr/bin/ld -m elf_x86_64) supports shared libraries
configure:10473: result: yes
configure:10510: checking whether -lc should be explicitly linked in
configure:10518: gcc -c -g -O2  conftest.c >&5
configure:10521: $? = 0
configure:10536: gcc -shared  -fPIC -DPIC conftest.o  -v -Wl,-soname -Wl,conftest -o conftest 2\>\&1 \| /usr/bin/grep  -lc  \>/dev/null 2\>\&1
configure:10539: $? = 0
configure:10553: result: no
configure:10713: checking dynamic linker characteristics
configure:11224: gcc -o conftest -g -O2   -Wl,-rpath -Wl,/foo conftest.c  >&5
configure:11224: $? = 0
configure:11450: result: GNU/Linux ld.so
configure:11557: checking how to hardcode library paths into programs
configure:11582: result: immediate
configure:12122: checking whether stripping libraries is possible
configure:12127: result: yes
configure:12162: checking if libtool supports shared libraries
configure:12164: result: yes
configure:12167: checking whether to build shared libraries
configure:12188: result: yes
configure:12191: checking whether to build static libraries
configure:12195: result: yes
configure:9243: checking for flex
configure:9259: found /usr/bin/flex
configure:9270: result: flex
configure:9285: checking for bison
configure:9301: found /usr/bin/bison
configure:9312: result: bison -y
configure:9324: checking for an ANSI C-conforming const
configure:9390: gcc -c -g -O2  conftest.c >&5
configure:9390: $? = 0
configure:9397: result: yes
configure:9405: checking for inline
configure:9421: gcc -c -g -O2  conftest.c >&5
configure:9421: $? = 0
configure:9429: result: inline
configure:9502: checking for pkg-config
configure:9520: found /usr/bin/pkg-config
configure:9532: result: /usr/bin/pkg-config
configure:9557: checking pkg-config is at least version 0.9.0
configure:9560: result: yes
configure:9570: checking for CHECK
configure:9577: $PKG_CONFIG --exists --print-errors "check >= 0.9.0"
Package check was not found in the pkg-config search path.
Perhaps you should add the directory containing `check.pc'
to the PKG_CONFIG_PATH environment variable
No package 'check' found
configure:9580: $? = 1
configure:9594: $PKG_CONFIG --exists --print-errors "check >= 0.9.0"
Package check was not found in the pkg-config search path.
Perhaps you should add the directory containing `check.pc'
to the PKG_CONFIG_PATH environment variable
No package 'check' found
configure:9597: $? = 1
configure:9611: result: no
No package 'check' found
configure:9627: WARNING: *** Disabling building of unit tests
configure:9711: checking for pow in -lm
configure:9736: gcc -o conftest -g -O2   conftest.c -lm   >&5
conftest.c:30:6: warning: conflicting types for built-in function 'pow'; expected 'double(double,  double)' [-Wbuiltin-declaration-mismatch]
   30 | char pow ();
      |      ^~~
conftest.c:1:1: note: 'pow' is declared in header '<math.h>'
    1 | /* confdefs.h */
configure:9736: $? = 0
configure:9745: result: yes
configure:9764: checking for pthread_mutex_lock in -lpthread
configure:9789: gcc -o conftest -g -O2   conftest.c -lpthread  -lm  >&5
configure:9789: $? = 0
configure:9798: result: yes
configure:9943: checking that generated files are newer than configure
configure:9949: result: done
configure:9992: creating ./config.status

## ---------------------- ##
## Running config.status. ##
## ---------------------- ##

This file was extended by libnl config.status 3.2.25, which was
generated by GNU Autoconf 2.69.  Invocation command line was

  CONFIG_FILES    = 
  CONFIG_HEADERS  = 
  CONFIG_LINKS    = 
  CONFIG_COMMANDS = 
  $ ./config.status 

on sqsq-virtual-machine

config.status:1125: creating Makefile
config.status:1125: creating libnl.sym
config.status:1125: creating libnl-3.0.pc
config.status:1125: creating libnl-route-3.0.pc
config.status:1125: creating libnl-genl-3.0.pc
config.status:1125: creating libnl-nf-3.0.pc
config.status:1125: creating libnl-cli-3.0.pc
config.status:1125: creating lib/Makefile
config.status:1125: creating include/Makefile
config.status:1125: creating src/Makefile
config.status:1125: creating src/lib/Makefile
config.status:1125: creating tests/Makefile
config.status:1125: creating man/Makefile
config.status:1125: creating python/Makefile
config.status:1125: creating python/setup.py
config.status:1125: creating python/doc/Makefile
config.status:1125: creating python/examples/Makefile
config.status:1125: creating python/netlink/Makefile
config.status:1125: creating python/netlink/genl/Makefile
config.status:1125: creating python/netlink/route/Makefile
config.status:1125: creating python/tests/Makefile
config.status:1125: creating include/netlink/version.h
config.status:1125: creating lib/defs.h
config.status:1354: executing depfiles commands
config.status:1354: executing libtool commands

## ---------------- ##
## Cache variables. ##
## ---------------- ##

ac_cv_build=x86_64-unknown-linux-gnu
ac_cv_c_compiler_gnu=yes
ac_cv_c_const=yes
ac_cv_c_inline=inline
ac_cv_env_CC_set=
ac_cv_env_CC_value=
ac_cv_env_CFLAGS_set=
ac_cv_env_CFLAGS_value=
ac_cv_env_CHECK_CFLAGS_set=
ac_cv_env_CHECK_CFLAGS_value=
ac_cv_env_CHECK_LIBS_set=
ac_cv_env_CHECK_LIBS_value=
ac_cv_env_CPPFLAGS_set=
ac_cv_env_CPPFLAGS_value=
ac_cv_env_CPP_set=
ac_cv_env_CPP_value=
ac_cv_env_LDFLAGS_set=
ac_cv_env_LDFLAGS_value=
ac_cv_env_LIBS_set=
ac_cv_env_LIBS_value=
ac_cv_env_PKG_CONFIG_LIBDIR_set=
ac_cv_env_PKG_CONFIG_LIBDIR_value=
ac_cv_env_PKG_CONFIG_PATH_set=
ac_cv_env_PKG_CONFIG_PATH_value=
ac_cv_env_PKG_CONFIG_set=
ac_cv_env_PKG_CONFIG_value=
ac_cv_env_build_alias_set=
ac_cv_env_build_alias_value=
ac_cv_env_host_alias_set=
ac_cv_env_host_alias_value=
ac_cv_env_target_alias_set=
ac_cv_env_target_alias_value=
ac_cv_header_dlfcn_h=yes
ac_cv_header_inttypes_h=yes
ac_cv_header_memory_h=yes
ac_cv_header_stdc=yes
ac_cv_header_stdint_h=yes
ac_cv_header_stdlib_h=yes
ac_cv_header_string_h=yes
ac_cv_header_strings_h=yes
ac_cv_header_sys_stat_h=yes
ac_cv_header_sys_types_h=yes
ac_cv_header_unistd_h=yes
ac_cv_host=x86_64-unknown-linux-gnu
ac_cv_lib_m_pow=yes
ac_cv_lib_pthread_pthread_mutex_lock=yes
ac_cv_objext=o
ac_cv_path_EGREP='/usr/bin/grep -E'
ac_cv_path_FGREP='/usr/bin/grep -F'
ac_cv_path_GREP=/usr/bin/grep
ac_cv_path_SED=/usr/bin/sed
ac_cv_path_ac_pt_PKG_CONFIG=/usr/bin/pkg-config
ac_cv_path_install='/usr/bin/install -c'
ac_cv_path_mkdir=/usr/bin/mkdir
ac_cv_prog_AWK=mawk
ac_cv_prog_CPP='gcc -E'
ac_cv_prog_FLEX=flex
ac_cv_prog_YACC='bison -y'
ac_cv_prog_ac_ct_AR=ar
ac_cv_prog_ac_ct_CC=gcc
ac_cv_prog_ac_ct_MANIFEST_TOOL=mt
ac_cv_prog_ac_ct_OBJDUMP=objdump
ac_cv_prog_ac_ct_RANLIB=ranlib
ac_cv_prog_ac_ct_STRIP=strip
ac_cv_prog_cc_c89=
ac_cv_prog_cc_g=yes
ac_cv_prog_cc_gcc_c_o=yes
ac_cv_prog_make_make_set=yes
am_cv_CC_dependencies_compiler_type=gcc3
am_cv_ar_interface=ar
am_cv_make_support_nested_variables=yes
lt_cv_ar_at_file=@
lt_cv_archive_cmds_need_lc=no
lt_cv_deplibs_check_method=pass_all
lt_cv_file_magic_cmd='$MAGIC_CMD'
lt_cv_file_magic_test_file=
lt_cv_ld_reload_flag=-r
lt_cv_nm_interface='BSD nm'
lt_cv_objdir=.libs
lt_cv_path_LD=/usr/bin/ld
lt_cv_path_NM='/usr/bin/nm -B'
lt_cv_path_mainfest_tool=no
lt_cv_prog_compiler_c_o=yes
lt_cv_prog_compiler_pic='-fPIC -DPIC'
lt_cv_prog_compiler_pic_works=yes
lt_cv_prog_compiler_rtti_exceptions=no
lt_cv_prog_compiler_static_works=yes
lt_cv_prog_gnu_ld=yes
lt_cv_sharedlib_from_linklib_cmd='printf %s\n'
lt_cv_shlibpath_overrides_runpath=yes
lt_cv_sys_global_symbol_pipe='sed -n -e '\''s/^.*[	 ]\([ABCDGIRSTW][ABCDGIRSTW]*\)[	 ][	 ]*\([_A-Za-z][_A-Za-z0-9]*\)$/\1 \2 \2/p'\'' | sed '\''/ __gnu_lto/d'\'''
lt_cv_sys_global_symbol_to_c_name_address='sed -n -e '\''s/^: \([^ ]*\)[ ]*$/  {\"\1\", (void *) 0},/p'\'' -e '\''s/^[ABCDGIRSTW]* \([^ ]*\) \([^ ]*\)$/  {"\2", (void *) \&\2},/p'\'''
lt_cv_sys_global_symbol_to_c_name_address_lib_prefix='sed -n -e '\''s/^: \([^ ]*\)[ ]*$/  {\"\1\", (void *) 0},/p'\'' -e '\''s/^[ABCDGIRSTW]* \([^ ]*\) \(lib[^ ]*\)$/  {"\2", (void *) \&\2},/p'\'' -e '\''s/^[ABCDGIRSTW]* \([^ ]*\) \([^ ]*\)$/  {"lib\2", (void *) \&\2},/p'\'''
lt_cv_sys_global_symbol_to_cdecl='sed -n -e '\''s/^T .* \(.*\)$/extern int \1();/p'\'' -e '\''s/^[ABCDGIRSTW]* .* \(.*\)$/extern char \1;/p'\'''
lt_cv_sys_max_cmd_len=1572864
lt_cv_to_host_file_cmd=func_convert_file_noop
lt_cv_to_tool_file_cmd=func_convert_file_noop

## ----------------- ##
## Output variables. ##
## ----------------- ##

ACLOCAL='${SHELL} /home/sqsq/libnl-3.2.25/build-aux/missing aclocal-1.13'
AMDEPBACKSLASH='\'
AMDEP_FALSE='#'
AMDEP_TRUE=''
AMTAR='$${TAR-tar}'
AM_BACKSLASH='\'
AM_DEFAULT_V='$(AM_DEFAULT_VERBOSITY)'
AM_DEFAULT_VERBOSITY='0'
AM_V='$(V)'
AR='ar'
AUTOCONF='${SHELL} /home/sqsq/libnl-3.2.25/build-aux/missing autoconf'
AUTOHEADER='${SHELL} /home/sqsq/libnl-3.2.25/build-aux/missing autoheader'
AUTOMAKE='${SHELL} /home/sqsq/libnl-3.2.25/build-aux/missing automake-1.13'
AWK='mawk'
CC='gcc'
CCDEPMODE='depmode=gcc3'
CFLAGS='-g -O2'
CHECK_CFLAGS=''
CHECK_LIBS=''
CPP='gcc -E'
CPPFLAGS=''
CYGPATH_W='echo'
DEFS='-DHAVE_CONFIG_H'
DEPDIR='.deps'
DISABLE_PTHREADS_FALSE=''
DISABLE_PTHREADS_TRUE='#'
DLLTOOL='false'
DSYMUTIL=''
DUMPBIN=''
ECHO_C=''
ECHO_N='-n'
ECHO_T=''
EGREP='/usr/bin/grep -E'
ENABLE_CLI_FALSE='#'
ENABLE_CLI_TRUE=''
ENABLE_DEBUG_FALSE=''
ENABLE_DEBUG_TRUE='#'
ENABLE_UNIT_TESTS_FALSE=''
ENABLE_UNIT_TESTS_TRUE='#'
EXEEXT=''
FGREP='/usr/bin/grep -F'
FLEX='flex'
GREP='/usr/bin/grep'
INSTALL_DATA='${INSTALL} -m 644'
INSTALL_PROGRAM='${INSTALL}'
INSTALL_SCRIPT='${INSTALL}'
INSTALL_STRIP_PROGRAM='$(install_sh) -c -s'
LD='/usr/bin/ld -m elf_x86_64'
LDFLAGS=''
LIBNL_VERSION='3.2.25'
LIBOBJS=''
LIBS='-lpthread -lm '
LIBTOOL='$(SHELL) $(top_builddir)/libtool'
LIPO=''
LN_S='ln -s'
LTLIBOBJS=''
LT_AGE='20'
LT_CURRENT='220'
LT_REVISION='0'
MAJ_VERSION='3'
MAKEINFO='${SHELL} /home/sqsq/libnl-3.2.25/build-aux/missing makeinfo'
MANIFEST_TOOL=':'
MIC_VERSION='25'
MIN_VERSION='2'
MKDIR_P='/usr/bin/mkdir -p'
NM='/usr/bin/nm -B'
NMEDIT=''
OBJDUMP='objdump'
OBJEXT='o'
OTOOL64=''
OTOOL=''
PACKAGE='libnl'
PACKAGE_BUGREPORT=''
PACKAGE_NAME='libnl'
PACKAGE_STRING='libnl 3.2.25'
PACKAGE_TARNAME='libnl'
PACKAGE_URL='http://www.infradead.org/~tgr/libnl/'
PACKAGE_VERSION='3.2.25'
PATH_SEPARATOR=':'
PKG_CONFIG='/usr/bin/pkg-config'
PKG_CONFIG_LIBDIR=''
PKG_CONFIG_PATH=''
RANLIB='ranlib'
SED='/usr/bin/sed'
SET_MAKE=''
SHELL='/bin/bash'
STRIP='strip'
VERSION='3.2.25'
YACC='bison -y'
ac_ct_AR='ar'
ac_ct_CC='gcc'
ac_ct_DUMPBIN=''
am__EXEEXT_FALSE=''
am__EXEEXT_TRUE='#'
am__fastdepCC_FALSE='#'
am__fastdepCC_TRUE=''
am__include='include'
am__isrc=''
am__leading_dot='.'
am__nodep='_no'
am__quote=''
am__tar='$${TAR-tar} chof - "$$tardir"'
am__untar='$${TAR-tar} xf -'
bindir='${exec_prefix}/bin'
build='x86_64-unknown-linux-gnu'
build_alias=''
build_cpu='x86_64'
build_os='linux-gnu'
build_vendor='unknown'
datadir='${datarootdir}'
datarootdir='${prefix}/share'
docdir='${datarootdir}/doc/${PACKAGE_TARNAME}'
dvidir='${docdir}'
exec_prefix='${prefix}'
host='x86_64-unknown-linux-gnu'
host_alias=''
host_cpu='x86_64'
host_os='linux-gnu'
host_vendor='unknown'
htmldir='${docdir}'
includedir='${prefix}/include'
infodir='${datarootdir}/info'
install_sh='${SHELL} /home/sqsq/libnl-3.2.25/build-aux/install-sh'
libdir='${exec_prefix}/lib'
libexecdir='${exec_prefix}/libexec'
localedir='${datarootdir}/locale'
localstatedir='${prefix}/var'
mandir='${datarootdir}/man'
mkdir_p='$(MKDIR_P)'
oldincludedir='/usr/include'
pdfdir='${docdir}'
pkgconfigdir='${libdir}/pkgconfig'
prefix='/usr/local'
program_transform_name='s,x,x,'
psdir='${docdir}'
sbindir='${exec_prefix}/sbin'
sharedstatedir='${prefix}/com'
subdirs=' doc'
sysconfdir='${prefix}/etc'
target_alias=''

## ----------- ##
## confdefs.h. ##
## ----------- ##

/* confdefs.h */
#define PACKAGE_NAME "libnl"
#define PACKAGE_TARNAME "libnl"
#define PACKAGE_VERSION "3.2.25"
#define PACKAGE_STRING "libnl 3.2.25"
#define PACKAGE_BUGREPORT ""
#define PACKAGE_URL "http://www.infradead.org/~tgr/libnl/"
#define PACKAGE "libnl"
#define VERSION "3.2.25"
#define STDC_HEADERS 1
#define HAVE_SYS_TYPES_H 1
#define HAVE_SYS_STAT_H 1
#define HAVE_STDLIB_H 1
#define HAVE_STRING_H 1
#define HAVE_MEMORY_H 1
#define HAVE_STRINGS_H 1
#define HAVE_INTTYPES_H 1
#define HAVE_STDINT_H 1
#define HAVE_UNISTD_H 1
#define HAVE_DLFCN_H 1
#define LT_OBJDIR ".libs/"
#define HAVE_LIBM 1
#define HAVE_LIBPTHREAD 1
#define NL_DEBUG 1

configure: exit 0
